2023-02-22 23:01:03.612  INFO 6940 --- [restartedMain] i.g.m.msclientes.MsclientesApplication   : Starting MsclientesApplication using Java 11.0.18 on DESKTOP-CC72TSM with PID 6940 (C:\Users\mathe\OneDrive\Área de Trabalho\etc\backup matheus\Projetos Java\MicroServices-Mensageria\msclientes\target\classes started by mathe in C:\Users\mathe\OneDrive\Área de Trabalho\etc\backup matheus\Projetos Java\MicroServices-Mensageria\msclientes)
2023-02-22 23:01:03.614  INFO 6940 --- [restartedMain] i.g.m.msclientes.MsclientesApplication   : No active profile set, falling back to 1 default profile: "default"
2023-02-22 23:01:03.670  INFO 6940 --- [restartedMain] .e.DevToolsPropertyDefaultsPostProcessor : Devtools property defaults active! Set 'spring.devtools.add-properties' to 'false' to disable
2023-02-22 23:01:03.671  INFO 6940 --- [restartedMain] .e.DevToolsPropertyDefaultsPostProcessor : For additional web related logging consider setting the 'logging.level.web' property to 'DEBUG'
2023-02-22 23:01:04.597  INFO 6940 --- [restartedMain] .s.d.r.c.RepositoryConfigurationDelegate : Bootstrapping Spring Data JPA repositories in DEFAULT mode.
2023-02-22 23:01:04.618  INFO 6940 --- [restartedMain] .s.d.r.c.RepositoryConfigurationDelegate : Finished Spring Data repository scanning in 7 ms. Found 0 JPA repository interfaces.
2023-02-22 23:01:04.960  INFO 6940 --- [restartedMain] o.s.cloud.context.scope.GenericScope     : BeanFactory id=149942fe-607d-39cc-ab2c-59129377aa7d
2023-02-22 23:01:05.799  INFO 6940 --- [restartedMain] o.s.b.w.embedded.tomcat.TomcatWebServer  : Tomcat initialized with port(s): 0 (http)
2023-02-22 23:01:05.812  INFO 6940 --- [restartedMain] o.apache.catalina.core.StandardService   : Starting service [Tomcat]
2023-02-22 23:01:05.813  INFO 6940 --- [restartedMain] org.apache.catalina.core.StandardEngine  : Starting Servlet engine: [Apache Tomcat/9.0.60]
2023-02-22 23:01:05.948  INFO 6940 --- [restartedMain] o.a.c.c.C.[Tomcat].[localhost].[/]       : Initializing Spring embedded WebApplicationContext
2023-02-22 23:01:05.948  INFO 6940 --- [restartedMain] w.s.c.ServletWebServerApplicationContext : Root WebApplicationContext: initialization completed in 2276 ms
2023-02-22 23:01:05.990  INFO 6940 --- [restartedMain] com.zaxxer.hikari.HikariDataSource       : HikariPool-1 - Starting...
2023-02-22 23:01:06.173  INFO 6940 --- [restartedMain] com.zaxxer.hikari.HikariDataSource       : HikariPool-1 - Start completed.
2023-02-22 23:01:06.187  INFO 6940 --- [restartedMain] o.s.b.a.h2.H2ConsoleAutoConfiguration    : H2 console available at '/h2-console'. Database available at 'jdbc:h2:mem:3253a108-6806-4c19-ba1d-c29a1878c30f'
2023-02-22 23:01:06.420  INFO 6940 --- [restartedMain] o.hibernate.jpa.internal.util.LogHelper  : HHH000204: Processing PersistenceUnitInfo [name: default]
2023-02-22 23:01:06.499  INFO 6940 --- [restartedMain] org.hibernate.Version                    : HHH000412: Hibernate ORM core version 5.6.7.Final
2023-02-22 23:01:06.851  INFO 6940 --- [restartedMain] o.hibernate.annotations.common.Version   : HCANN000001: Hibernate Commons Annotations {5.1.2.Final}
2023-02-22 23:01:07.098  INFO 6940 --- [restartedMain] org.hibernate.dialect.Dialect            : HHH000400: Using dialect: org.hibernate.dialect.H2Dialect
2023-02-22 23:01:07.526  INFO 6940 --- [restartedMain] o.h.e.t.j.p.i.JtaPlatformInitiator       : HHH000490: Using JtaPlatform implementation: [org.hibernate.engine.transaction.jta.platform.internal.NoJtaPlatform]
2023-02-22 23:01:07.546  INFO 6940 --- [restartedMain] j.LocalContainerEntityManagerFactoryBean : Initialized JPA EntityManagerFactory for persistence unit 'default'
2023-02-22 23:01:07.643  WARN 6940 --- [restartedMain] JpaBaseConfiguration$JpaWebConfiguration : spring.jpa.open-in-view is enabled by default. Therefore, database queries may be performed during view rendering. Explicitly configure spring.jpa.open-in-view to disable this warning
2023-02-22 23:01:08.075  INFO 6940 --- [restartedMain] o.s.b.d.a.OptionalLiveReloadServer       : LiveReload server is running on port 35729
2023-02-22 23:01:08.164  INFO 6940 --- [restartedMain] DiscoveryClientOptionalArgsConfiguration : Eureka HTTP Client uses RestTemplate.
2023-02-22 23:01:08.286  WARN 6940 --- [restartedMain] iguration$LoadBalancerCaffeineWarnLogger : Spring Cloud LoadBalancer is currently working with the default cache. While this cache implementation is useful for development and tests, it's recommended to use Caffeine cache in production.You can switch to using Caffeine cache, by adding it and org.springframework.cache.caffeine.CaffeineCacheManager to the classpath.
2023-02-22 23:01:08.378  INFO 6940 --- [restartedMain] o.s.b.w.embedded.tomcat.TomcatWebServer  : Tomcat started on port(s): 53039 (http) with context path ''
2023-02-22 23:01:08.380  INFO 6940 --- [restartedMain] .s.c.n.e.s.EurekaAutoServiceRegistration : Updating port to 53039
2023-02-22 23:01:08.384  INFO 6940 --- [restartedMain] o.s.c.n.eureka.InstanceInfoFactory       : Setting initial instance status as: STARTING
2023-02-22 23:01:08.416  INFO 6940 --- [restartedMain] com.netflix.discovery.DiscoveryClient    : Initializing Eureka in region us-east-1
2023-02-22 23:01:08.420  INFO 6940 --- [restartedMain] c.n.d.s.r.aws.ConfigClusterResolver      : Resolving eureka endpoints via configuration
2023-02-22 23:01:08.441  INFO 6940 --- [restartedMain] com.netflix.discovery.DiscoveryClient    : Disable delta property : false
2023-02-22 23:01:08.441  INFO 6940 --- [restartedMain] com.netflix.discovery.DiscoveryClient    : Single vip registry refresh property : null
2023-02-22 23:01:08.442  INFO 6940 --- [restartedMain] com.netflix.discovery.DiscoveryClient    : Force full registry fetch : false
2023-02-22 23:01:08.442  INFO 6940 --- [restartedMain] com.netflix.discovery.DiscoveryClient    : Application is null : false
2023-02-22 23:01:08.442  INFO 6940 --- [restartedMain] com.netflix.discovery.DiscoveryClient    : Registered Applications size is zero : true
2023-02-22 23:01:08.442  INFO 6940 --- [restartedMain] com.netflix.discovery.DiscoveryClient    : Application version is -1: true
2023-02-22 23:01:08.442  INFO 6940 --- [restartedMain] com.netflix.discovery.DiscoveryClient    : Getting all instance registry info from the eureka server
2023-02-22 23:01:08.819  INFO 6940 --- [restartedMain] com.netflix.discovery.DiscoveryClient    : The response status is 200
2023-02-22 23:01:08.822  INFO 6940 --- [restartedMain] com.netflix.discovery.DiscoveryClient    : Starting heartbeat executor: renew interval is: 30
2023-02-22 23:01:08.824  INFO 6940 --- [restartedMain] c.n.discovery.InstanceInfoReplicator     : InstanceInfoReplicator onDemand update allowed rate per min is 4
2023-02-22 23:01:08.830  INFO 6940 --- [restartedMain] com.netflix.discovery.DiscoveryClient    : Discovery Client initialized at timestamp 1677117668829 with initial instances count: 0
2023-02-22 23:01:08.833  INFO 6940 --- [restartedMain] o.s.c.n.e.s.EurekaServiceRegistry        : Registering application MSCLIENTES with eureka with status UP
2023-02-22 23:01:08.834  INFO 6940 --- [restartedMain] com.netflix.discovery.DiscoveryClient    : Saw local status change event StatusChangeEvent [timestamp=1677117668834, current=UP, previous=STARTING]
2023-02-22 23:01:08.836  INFO 6940 --- [DiscoveryClient-InstanceInfoReplicator-0] com.netflix.discovery.DiscoveryClient    : DiscoveryClient_MSCLIENTES/msclientes:96d55475dc64088787c8fc057e7055aa: registering service...
2023-02-22 23:01:08.888  INFO 6940 --- [restartedMain] i.g.m.msclientes.MsclientesApplication   : Started MsclientesApplication in 5.975 seconds (JVM running for 7.447)
2023-02-22 23:01:08.946  INFO 6940 --- [DiscoveryClient-InstanceInfoReplicator-0] com.netflix.discovery.DiscoveryClient    : DiscoveryClient_MSCLIENTES/msclientes:96d55475dc64088787c8fc057e7055aa - registration status: 204
2023-02-22 23:01:38.823  INFO 6940 --- [DiscoveryClient-CacheRefreshExecutor-0] com.netflix.discovery.DiscoveryClient    : Disable delta property : false
2023-02-22 23:01:38.824  INFO 6940 --- [DiscoveryClient-CacheRefreshExecutor-0] com.netflix.discovery.DiscoveryClient    : Single vip registry refresh property : null
2023-02-22 23:01:38.824  INFO 6940 --- [DiscoveryClient-CacheRefreshExecutor-0] com.netflix.discovery.DiscoveryClient    : Force full registry fetch : false
2023-02-22 23:01:38.824  INFO 6940 --- [DiscoveryClient-CacheRefreshExecutor-0] com.netflix.discovery.DiscoveryClient    : Application is null : false
2023-02-22 23:01:38.824  INFO 6940 --- [DiscoveryClient-CacheRefreshExecutor-0] com.netflix.discovery.DiscoveryClient    : Registered Applications size is zero : true
2023-02-22 23:01:38.824  INFO 6940 --- [DiscoveryClient-CacheRefreshExecutor-0] com.netflix.discovery.DiscoveryClient    : Application version is -1: false
2023-02-22 23:01:38.824  INFO 6940 --- [DiscoveryClient-CacheRefreshExecutor-0] com.netflix.discovery.DiscoveryClient    : Getting all instance registry info from the eureka server
2023-02-22 23:01:38.846  INFO 6940 --- [DiscoveryClient-CacheRefreshExecutor-0] com.netflix.discovery.DiscoveryClient    : The response status is 200
2023-02-22 23:01:57.505  INFO 6940 --- [http-nio-auto-1-exec-1] o.a.c.c.C.[Tomcat].[localhost].[/]       : Initializing Spring DispatcherServlet 'dispatcherServlet'
2023-02-22 23:01:57.506  INFO 6940 --- [http-nio-auto-1-exec-1] o.s.web.servlet.DispatcherServlet        : Initializing Servlet 'dispatcherServlet'
2023-02-22 23:01:57.507  INFO 6940 --- [http-nio-auto-1-exec-1] o.s.web.servlet.DispatcherServlet        : Completed initialization in 1 ms
2023-02-22 23:06:08.460  INFO 6940 --- [AsyncResolver-bootstrap-executor-0] c.n.d.s.r.aws.ConfigClusterResolver      : Resolving eureka endpoints via configuration
2023-02-22 23:11:08.472  INFO 6940 --- [AsyncResolver-bootstrap-executor-0] c.n.d.s.r.aws.ConfigClusterResolver      : Resolving eureka endpoints via configuration
2023-02-22 23:16:08.481  INFO 6940 --- [AsyncResolver-bootstrap-executor-0] c.n.d.s.r.aws.ConfigClusterResolver      : Resolving eureka endpoints via configuration
2023-02-22 23:17:19.470  INFO 6940 --- [SpringApplicationShutdownHook] o.s.c.n.e.s.EurekaServiceRegistry        : Unregistering application MSCLIENTES with eureka with status DOWN
2023-02-22 23:17:19.471  INFO 6940 --- [SpringApplicationShutdownHook] com.netflix.discovery.DiscoveryClient    : Saw local status change event StatusChangeEvent [timestamp=1677118639471, current=DOWN, previous=UP]
2023-02-22 23:17:19.472  INFO 6940 --- [DiscoveryClient-InstanceInfoReplicator-0] com.netflix.discovery.DiscoveryClient    : DiscoveryClient_MSCLIENTES/msclientes:96d55475dc64088787c8fc057e7055aa: registering service...
2023-02-22 23:17:19.544  INFO 6940 --- [DiscoveryClient-InstanceInfoReplicator-0] com.netflix.discovery.DiscoveryClient    : DiscoveryClient_MSCLIENTES/msclientes:96d55475dc64088787c8fc057e7055aa - registration status: 204
2023-02-22 23:17:19.662  INFO 6940 --- [SpringApplicationShutdownHook] j.LocalContainerEntityManagerFactoryBean : Closing JPA EntityManagerFactory for persistence unit 'default'
2023-02-22 23:17:19.662  INFO 6940 --- [SpringApplicationShutdownHook] .SchemaDropperImpl$DelayedDropActionImpl : HHH000477: Starting delayed evictData of schema as part of SessionFactory shut-down'
2023-02-22 23:17:19.925  WARN 6940 --- [SpringApplicationShutdownHook] o.s.b.f.support.DisposableBeanAdapter    : Invocation of destroy method failed on bean with name 'inMemoryDatabaseShutdownExecutor': org.h2.jdbc.JdbcSQLNonTransientConnectionException: Database is already closed (to disable automatic closing at VM shutdown, add ";DB_CLOSE_ON_EXIT=FALSE" to the db URL) [90121-200]
2023-02-22 23:17:19.925  INFO 6940 --- [SpringApplicationShutdownHook] com.zaxxer.hikari.HikariDataSource       : HikariPool-1 - Shutdown initiated...
2023-02-22 23:17:19.931  INFO 6940 --- [SpringApplicationShutdownHook] com.zaxxer.hikari.HikariDataSource       : HikariPool-1 - Shutdown completed.
2023-02-22 23:17:19.932  INFO 6940 --- [SpringApplicationShutdownHook] com.netflix.discovery.DiscoveryClient    : Shutting down DiscoveryClient ...
2023-02-22 23:17:22.939  INFO 6940 --- [SpringApplicationShutdownHook] com.netflix.discovery.DiscoveryClient    : Unregistering ...
2023-02-22 23:17:22.961  INFO 6940 --- [SpringApplicationShutdownHook] com.netflix.discovery.DiscoveryClient    : DiscoveryClient_MSCLIENTES/msclientes:96d55475dc64088787c8fc057e7055aa - deregister  status: 200
2023-02-22 23:17:22.971  INFO 6940 --- [SpringApplicationShutdownHook] com.netflix.discovery.DiscoveryClient    : Completed shut down of DiscoveryClient
2023-02-22 23:17:32.294  INFO 6664 --- [restartedMain] i.g.m.msclientes.MsclientesApplication   : Starting MsclientesApplication using Java 11.0.18 on DESKTOP-CC72TSM with PID 6664 (C:\Users\mathe\OneDrive\Área de Trabalho\etc\backup matheus\Projetos Java\MicroServices-Mensageria\msclientes\target\classes started by mathe in C:\Users\mathe\OneDrive\Área de Trabalho\etc\backup matheus\Projetos Java\MicroServices-Mensageria\msclientes)
2023-02-22 23:17:32.295  INFO 6664 --- [restartedMain] i.g.m.msclientes.MsclientesApplication   : No active profile set, falling back to 1 default profile: "default"
2023-02-22 23:17:32.344  INFO 6664 --- [restartedMain] .e.DevToolsPropertyDefaultsPostProcessor : Devtools property defaults active! Set 'spring.devtools.add-properties' to 'false' to disable
2023-02-22 23:17:32.345  INFO 6664 --- [restartedMain] .e.DevToolsPropertyDefaultsPostProcessor : For additional web related logging consider setting the 'logging.level.web' property to 'DEBUG'
2023-02-22 23:17:33.277  INFO 6664 --- [restartedMain] .s.d.r.c.RepositoryConfigurationDelegate : Bootstrapping Spring Data JPA repositories in DEFAULT mode.
2023-02-22 23:17:33.364  INFO 6664 --- [restartedMain] .s.d.r.c.RepositoryConfigurationDelegate : Finished Spring Data repository scanning in 74 ms. Found 1 JPA repository interfaces.
2023-02-22 23:17:33.680  INFO 6664 --- [restartedMain] o.s.cloud.context.scope.GenericScope     : BeanFactory id=44cbac41-206d-3657-8d01-41b6a866cbb3
2023-02-22 23:17:34.361  INFO 6664 --- [restartedMain] o.s.b.w.embedded.tomcat.TomcatWebServer  : Tomcat initialized with port(s): 0 (http)
2023-02-22 23:17:34.373  INFO 6664 --- [restartedMain] o.apache.catalina.core.StandardService   : Starting service [Tomcat]
2023-02-22 23:17:34.373  INFO 6664 --- [restartedMain] org.apache.catalina.core.StandardEngine  : Starting Servlet engine: [Apache Tomcat/9.0.60]
2023-02-22 23:17:34.485  INFO 6664 --- [restartedMain] o.a.c.c.C.[Tomcat].[localhost].[/]       : Initializing Spring embedded WebApplicationContext
2023-02-22 23:17:34.486  INFO 6664 --- [restartedMain] w.s.c.ServletWebServerApplicationContext : Root WebApplicationContext: initialization completed in 2141 ms
2023-02-22 23:17:34.517  INFO 6664 --- [restartedMain] com.zaxxer.hikari.HikariDataSource       : HikariPool-1 - Starting...
2023-02-22 23:17:34.649  INFO 6664 --- [restartedMain] com.zaxxer.hikari.HikariDataSource       : HikariPool-1 - Start completed.
2023-02-22 23:17:34.660  INFO 6664 --- [restartedMain] o.s.b.a.h2.H2ConsoleAutoConfiguration    : H2 console available at '/h2-console'. Database available at 'jdbc:h2:mem:2be6bd19-a050-447d-87f1-e44c549e629b'
2023-02-22 23:17:34.840  INFO 6664 --- [restartedMain] o.hibernate.jpa.internal.util.LogHelper  : HHH000204: Processing PersistenceUnitInfo [name: default]
2023-02-22 23:17:34.905  INFO 6664 --- [restartedMain] org.hibernate.Version                    : HHH000412: Hibernate ORM core version 5.6.7.Final
2023-02-22 23:17:35.065  INFO 6664 --- [restartedMain] o.hibernate.annotations.common.Version   : HCANN000001: Hibernate Commons Annotations {5.1.2.Final}
2023-02-22 23:17:35.196  INFO 6664 --- [restartedMain] org.hibernate.dialect.Dialect            : HHH000400: Using dialect: org.hibernate.dialect.H2Dialect
2023-02-22 23:17:35.818  INFO 6664 --- [restartedMain] o.h.e.t.j.p.i.JtaPlatformInitiator       : HHH000490: Using JtaPlatform implementation: [org.hibernate.engine.transaction.jta.platform.internal.NoJtaPlatform]
2023-02-22 23:17:35.827  INFO 6664 --- [restartedMain] j.LocalContainerEntityManagerFactoryBean : Initialized JPA EntityManagerFactory for persistence unit 'default'
2023-02-22 23:17:35.882  WARN 6664 --- [restartedMain] JpaBaseConfiguration$JpaWebConfiguration : spring.jpa.open-in-view is enabled by default. Therefore, database queries may be performed during view rendering. Explicitly configure spring.jpa.open-in-view to disable this warning
2023-02-22 23:17:36.680  INFO 6664 --- [restartedMain] o.s.b.d.a.OptionalLiveReloadServer       : LiveReload server is running on port 35729
2023-02-22 23:17:36.776  INFO 6664 --- [restartedMain] DiscoveryClientOptionalArgsConfiguration : Eureka HTTP Client uses RestTemplate.
2023-02-22 23:17:36.918  WARN 6664 --- [restartedMain] iguration$LoadBalancerCaffeineWarnLogger : Spring Cloud LoadBalancer is currently working with the default cache. While this cache implementation is useful for development and tests, it's recommended to use Caffeine cache in production.You can switch to using Caffeine cache, by adding it and org.springframework.cache.caffeine.CaffeineCacheManager to the classpath.
2023-02-22 23:17:37.004  INFO 6664 --- [restartedMain] o.s.b.w.embedded.tomcat.TomcatWebServer  : Tomcat started on port(s): 53250 (http) with context path ''
2023-02-22 23:17:37.006  INFO 6664 --- [restartedMain] .s.c.n.e.s.EurekaAutoServiceRegistration : Updating port to 53250
2023-02-22 23:17:37.011  INFO 6664 --- [restartedMain] o.s.c.n.eureka.InstanceInfoFactory       : Setting initial instance status as: STARTING
2023-02-22 23:17:37.046  INFO 6664 --- [restartedMain] com.netflix.discovery.DiscoveryClient    : Initializing Eureka in region us-east-1
2023-02-22 23:17:37.050  INFO 6664 --- [restartedMain] c.n.d.s.r.aws.ConfigClusterResolver      : Resolving eureka endpoints via configuration
2023-02-22 23:17:37.073  INFO 6664 --- [restartedMain] com.netflix.discovery.DiscoveryClient    : Disable delta property : false
2023-02-22 23:17:37.073  INFO 6664 --- [restartedMain] com.netflix.discovery.DiscoveryClient    : Single vip registry refresh property : null
2023-02-22 23:17:37.074  INFO 6664 --- [restartedMain] com.netflix.discovery.DiscoveryClient    : Force full registry fetch : false
2023-02-22 23:17:37.074  INFO 6664 --- [restartedMain] com.netflix.discovery.DiscoveryClient    : Application is null : false
2023-02-22 23:17:37.074  INFO 6664 --- [restartedMain] com.netflix.discovery.DiscoveryClient    : Registered Applications size is zero : true
2023-02-22 23:17:37.074  INFO 6664 --- [restartedMain] com.netflix.discovery.DiscoveryClient    : Application version is -1: true
2023-02-22 23:17:37.074  INFO 6664 --- [restartedMain] com.netflix.discovery.DiscoveryClient    : Getting all instance registry info from the eureka server
2023-02-22 23:17:37.406  INFO 6664 --- [restartedMain] com.netflix.discovery.DiscoveryClient    : The response status is 200
2023-02-22 23:17:37.408  INFO 6664 --- [restartedMain] com.netflix.discovery.DiscoveryClient    : Starting heartbeat executor: renew interval is: 30
2023-02-22 23:17:37.411  INFO 6664 --- [restartedMain] c.n.discovery.InstanceInfoReplicator     : InstanceInfoReplicator onDemand update allowed rate per min is 4
2023-02-22 23:17:37.416  INFO 6664 --- [restartedMain] com.netflix.discovery.DiscoveryClient    : Discovery Client initialized at timestamp 1677118657415 with initial instances count: 0
2023-02-22 23:17:37.418  INFO 6664 --- [restartedMain] o.s.c.n.e.s.EurekaServiceRegistry        : Registering application MSCLIENTES with eureka with status UP
2023-02-22 23:17:37.419  INFO 6664 --- [restartedMain] com.netflix.discovery.DiscoveryClient    : Saw local status change event StatusChangeEvent [timestamp=1677118657419, current=UP, previous=STARTING]
2023-02-22 23:17:37.421  INFO 6664 --- [DiscoveryClient-InstanceInfoReplicator-0] com.netflix.discovery.DiscoveryClient    : DiscoveryClient_MSCLIENTES/msclientes:267073f350bfbcb81c7300faf75fdf00: registering service...
2023-02-22 23:17:37.466  INFO 6664 --- [restartedMain] i.g.m.msclientes.MsclientesApplication   : Started MsclientesApplication in 5.811 seconds (JVM running for 6.76)
2023-02-22 23:17:37.467  INFO 6664 --- [DiscoveryClient-InstanceInfoReplicator-0] com.netflix.discovery.DiscoveryClient    : DiscoveryClient_MSCLIENTES/msclientes:267073f350bfbcb81c7300faf75fdf00 - registration status: 204
2023-02-22 23:17:51.179  INFO 6664 --- [http-nio-auto-1-exec-1] o.a.c.c.C.[Tomcat].[localhost].[/]       : Initializing Spring DispatcherServlet 'dispatcherServlet'
2023-02-22 23:17:51.180  INFO 6664 --- [http-nio-auto-1-exec-1] o.s.web.servlet.DispatcherServlet        : Initializing Servlet 'dispatcherServlet'
2023-02-22 23:17:51.181  INFO 6664 --- [http-nio-auto-1-exec-1] o.s.web.servlet.DispatcherServlet        : Completed initialization in 1 ms
2023-02-22 23:18:07.420  INFO 6664 --- [DiscoveryClient-CacheRefreshExecutor-0] com.netflix.discovery.DiscoveryClient    : Disable delta property : false
2023-02-22 23:18:07.421  INFO 6664 --- [DiscoveryClient-CacheRefreshExecutor-0] com.netflix.discovery.DiscoveryClient    : Single vip registry refresh property : null
2023-02-22 23:18:07.422  INFO 6664 --- [DiscoveryClient-CacheRefreshExecutor-0] com.netflix.discovery.DiscoveryClient    : Force full registry fetch : false
2023-02-22 23:18:07.422  INFO 6664 --- [DiscoveryClient-CacheRefreshExecutor-0] com.netflix.discovery.DiscoveryClient    : Application is null : false
2023-02-22 23:18:07.423  INFO 6664 --- [DiscoveryClient-CacheRefreshExecutor-0] com.netflix.discovery.DiscoveryClient    : Registered Applications size is zero : true
2023-02-22 23:18:07.423  INFO 6664 --- [DiscoveryClient-CacheRefreshExecutor-0] com.netflix.discovery.DiscoveryClient    : Application version is -1: false
2023-02-22 23:18:07.423  INFO 6664 --- [DiscoveryClient-CacheRefreshExecutor-0] com.netflix.discovery.DiscoveryClient    : Getting all instance registry info from the eureka server
2023-02-22 23:18:07.453  INFO 6664 --- [DiscoveryClient-CacheRefreshExecutor-0] com.netflix.discovery.DiscoveryClient    : The response status is 200
